Traceback (most recent call last):
  File "api.py", line 9, in <module>
    from Create_Table.Fisherman_Table_Create import create_price_table, create_sensor_table, create_fish_table, create_trade_table
  File "/home/zhongyu/Fisherman/API/Create_Table/Fisherman_Table_Create.py", line 80, in <module>
    create_trade_table("AAB")
  File "/home/zhongyu/Fisherman/API/Create_Table/Fisherman_Table_Create.py", line 76, in create_trade_table
    I_Goods_Status Integer NOT NULL);''' %("Trade_" + str(S_Platform_Number)))
psycopg2.errors.DuplicateTable: relation "trade_aab" already exists

Traceback (most recent call last):
  File "api.py", line 1087, in <module>
    @cross_origin()
  File "/home/zhongyu/.local/lib/python3.6/site-packages/flask/app.py", line 1315, in decorator
    self.add_url_rule(rule, endpoint, f, **options)
  File "/home/zhongyu/.local/lib/python3.6/site-packages/flask/app.py", line 98, in wrapper_func
    return f(self, *args, **kwargs)
  File "/home/zhongyu/.local/lib/python3.6/site-packages/flask/app.py", line 1284, in add_url_rule
    "existing endpoint function: %s" % endpoint
AssertionError: View function mapping is overwriting an existing endpoint function: customer_trade_list
Traceback (most recent call last):
  File "api.py", line 1087, in <module>
    @cross_origin()
  File "/home/zhongyu/.local/lib/python3.6/site-packages/flask/app.py", line 1315, in decorator
    self.add_url_rule(rule, endpoint, f, **options)
  File "/home/zhongyu/.local/lib/python3.6/site-packages/flask/app.py", line 98, in wrapper_func
    return f(self, *args, **kwargs)
  File "/home/zhongyu/.local/lib/python3.6/site-packages/flask/app.py", line 1284, in add_url_rule
    "existing endpoint function: %s" % endpoint
AssertionError: View function mapping is overwriting an existing endpoint function: customer_trade_list
